<?xml version="1.0" encoding="UTF-8"?>
<!-- Generated by org.testng.reporters.JUnitReportReporter -->
<testsuite hostname="LAPTOP-S1M5SLT4" name="org.jhi.main.Base" tests="1" failures="0" timestamp="24 Apr 2020 13:42:28 GMT" time="0.095" errors="0">
  <testcase name="TC1_Validate_HomepageUrl" time="0.095" classname="org.jhi.main.Base"/>
</testsuite> <!-- org.jhi.main.Base -->
